<?xml version="1.0" encoding="UTF-8"?>
<testng-results ignored="0" total="1" passed="1" failed="0" skipped="0">
  <reporter-output>
  </reporter-output>
  <suite started-at="2023-05-30T09:09:08Z" name="Default suite" finished-at="2023-05-30T09:09:32Z" duration-ms="24330">
    <groups>
    </groups>
    <test started-at="2023-05-30T09:09:08Z" name="Default test" finished-at="2023-05-30T09:09:32Z" duration-ms="24330">
      <class name="com.qa.TestCases.LoginTest">
        <test-method signature="loginTest()[pri:0, instance:com.qa.TestCases.LoginTest@41488b16]" started-at="2023-05-30T09:09:08Z" name="loginTest" finished-at="2023-05-30T09:09:32Z" duration-ms="24026" status="PASS">
          <reporter-output>
          </reporter-output>
        </test-method> <!-- loginTest -->
        <test-method is-config="true" signature="tearDown()[pri:0, instance:com.qa.TestCases.LoginTest@41488b16]" started-at="2023-05-30T09:09:32Z" name="tearDown" finished-at="2023-05-30T09:09:32Z" duration-ms="256" status="PASS">
          <reporter-output>
          </reporter-output>
        </test-method> <!-- tearDown -->
      </class> <!-- com.qa.TestCases.LoginTest -->
    </test> <!-- Default test -->
  </suite> <!-- Default suite -->
</testng-results>
